<?xml version="1.0" encoding="utf-8"?>
<coverage line-rate="0.8928" branch-rate="0.875" version="1.9" timestamp="1790286096" lines-covered="50" lines-valid="56" branches-covered="7" branches-valid="8">
  <sources>
    <source>C:\Users\tomas\</source>
  </sources>
  <packages>
    <package name="TP1-IngSoft" line-rate="0.8928" branch-rate="0.875" complexity="17">
      <classes>
        <class name="AutoGeneratedProgram" filename=".nuget\packages\microsoft.net.test.sdk\17.12.0\build\netcoreapp3.1\Microsoft.NET.Test.Sdk.Program.cs" line-rate="0" branch-rate="1" complexity="1">
          <methods>
            <method name="Main" signature="(System.String[])" line-rate="0" branch-rate="1" complexity="1">
              <lines>
                <line number="4" hits="0" branch="False" />
              </lines>
            </method>
          </methods>
          <lines>
            <line number="4" hits="0" branch="False" />
          </lines>
        </class>
        <class name="TP1_IngSoft.Producto" filename="OneDrive\Desktop\ing-soft\TP1-IngSoft-PeraltaRomeroFacundo-SilvaTomas\TP1-IngSoft\Producto.cs" line-rate="1" branch-rate="1" complexity="4">
          <methods>
            <method name="get_Nombre" signature="()" line-rate="1" branch-rate="1" complexity="1">
              <lines>
                <line number="5" hits="7" branch="False" />
              </lines>
            </method>
            <method name="get_Precio" signature="()" line-rate="1" branch-rate="1" complexity="1">
              <lines>
                <line number="6" hits="2" branch="False" />
              </lines>
            </method>
            <method name="get_Categoria" signature="()" line-rate="1" branch-rate="1" complexity="1">
              <lines>
                <line number="7" hits="2" branch="False" />
              </lines>
            </method>
            <method name=".ctor" signature="(System.String,System.Double,System.String)" line-rate="1" branch-rate="1" complexity="1">
              <lines>
                <line number="9" hits="2" branch="False" />
                <line number="10" hits="2" branch="False" />
                <line number="11" hits="2" branch="False" />
                <line number="12" hits="2" branch="False" />
                <line number="13" hits="2" branch="False" />
                <line number="14" hits="2" branch="False" />
              </lines>
            </method>
          </methods>
          <lines>
            <line number="5" hits="7" branch="False" />
            <line number="6" hits="2" branch="False" />
            <line number="7" hits="2" branch="False" />
            <line number="9" hits="2" branch="False" />
            <line number="10" hits="2" branch="False" />
            <line number="11" hits="2" branch="False" />
            <line number="12" hits="2" branch="False" />
            <line number="13" hits="2" branch="False" />
            <line number="14" hits="2" branch="False" />
          </lines>
        </class>
        <class name="TP1_IngSoft.Tienda" filename="OneDrive\Desktop\ing-soft\TP1-IngSoft-PeraltaRomeroFacundo-SilvaTomas\TP1-IngSoft\Tienda.cs" line-rate="0.9615" branch-rate="0.875" complexity="10">
          <methods>
            <method name="AgregarProducto" signature="(TP1_IngSoft.Producto)" line-rate="1" branch-rate="1" complexity="1">
              <lines>
                <line number="18" hits="2" branch="False" />
                <line number="19" hits="2" branch="False" />
                <line number="20" hits="2" branch="False" />
              </lines>
            </method>
            <method name="BuscarProducto" signature="(System.String)" line-rate="1" branch-rate="1" complexity="4">
              <lines>
                <line number="24" hits="5" branch="False" />
                <line number="25" hits="21" branch="True" condition-coverage="100% (2/2)">
                  <conditions>
                    <condition number="54" type="jump" coverage="100%" />
                  </conditions>
                </line>
                <line number="26" hits="4" branch="False" />
                <line number="27" hits="4" branch="True" condition-coverage="100% (2/2)">
                  <conditions>
                    <condition number="39" type="jump" coverage="100%" />
                  </conditions>
                </line>
                <line number="28" hits="2" branch="False" />
                <line number="29" hits="2" branch="False" />
                <line number="31" hits="2" branch="False" />
                <line number="32" hits="3" branch="False" />
                <line number="33" hits="5" branch="False" />
              </lines>
            </method>
            <method name="EliminarProducto" signature="(System.String)" line-rate="0.9" branch-rate="0.75" complexity="4">
              <lines>
                <line number="37" hits="2" branch="False" />
                <line number="38" hits="7" branch="True" condition-coverage="100% (2/2)">
                  <conditions>
                    <condition number="67" type="jump" coverage="100%" />
                  </conditions>
                </line>
                <line number="39" hits="1" branch="False" />
                <line number="40" hits="1" branch="True" condition-coverage="50% (1/2)">
                  <conditions>
                    <condition number="39" type="jump" coverage="50%" />
                  </conditions>
                </line>
                <line number="41" hits="1" branch="False" />
                <line number="42" hits="1" branch="False" />
                <line number="43" hits="1" branch="False" />
                <line number="45" hits="0" branch="False" />
                <line number="46" hits="1" branch="False" />
                <line number="47" hits="2" branch="False" />
              </lines>
            </method>
            <method name=".ctor" signature="()" line-rate="1" branch-rate="1" complexity="1">
              <lines>
                <line number="11" hits="2" branch="False" />
                <line number="12" hits="2" branch="False" />
                <line number="13" hits="2" branch="False" />
                <line number="14" hits="2" branch="False" />
              </lines>
            </method>
          </methods>
          <lines>
            <line number="18" hits="2" branch="False" />
            <line number="19" hits="2" branch="False" />
            <line number="20" hits="2" branch="False" />
            <line number="24" hits="5" branch="False" />
            <line number="25" hits="21" branch="True" condition-coverage="100% (2/2)">
              <conditions>
                <condition number="54" type="jump" coverage="100%" />
              </conditions>
            </line>
            <line number="26" hits="4" branch="False" />
            <line number="27" hits="4" branch="True" condition-coverage="100% (2/2)">
              <conditions>
                <condition number="39" type="jump" coverage="100%" />
              </conditions>
            </line>
            <line number="28" hits="2" branch="False" />
            <line number="29" hits="2" branch="False" />
            <line number="31" hits="2" branch="False" />
            <line number="32" hits="3" branch="False" />
            <line number="33" hits="5" branch="False" />
            <line number="37" hits="2" branch="False" />
            <line number="38" hits="7" branch="True" condition-coverage="100% (2/2)">
              <conditions>
                <condition number="67" type="jump" coverage="100%" />
              </conditions>
            </line>
            <line number="39" hits="1" branch="False" />
            <line number="40" hits="1" branch="True" condition-coverage="50% (1/2)">
              <conditions>
                <condition number="39" type="jump" coverage="50%" />
              </conditions>
            </line>
            <line number="41" hits="1" branch="False" />
            <line number="42" hits="1" branch="False" />
            <line number="43" hits="1" branch="False" />
            <line number="45" hits="0" branch="False" />
            <line number="46" hits="1" branch="False" />
            <line number="47" hits="2" branch="False" />
            <line number="11" hits="2" branch="False" />
            <line number="12" hits="2" branch="False" />
            <line number="13" hits="2" branch="False" />
            <line number="14" hits="2" branch="False" />
          </lines>
        </class>
        <class name="TP1_IngSoft.UnitTest1" filename="OneDrive\Desktop\ing-soft\TP1-IngSoft-PeraltaRomeroFacundo-SilvaTomas\TP1-IngSoft\UnitTest1.cs" line-rate="0.8" branch-rate="1" complexity="2">
          <methods>
            <method name="TestAgregarYBuscarProducto" signature="()" line-rate="1" branch-rate="1" complexity="1">
              <lines>
                <line number="14" hits="1" branch="False" />
                <line number="16" hits="1" branch="False" />
                <line number="17" hits="1" branch="False" />
                <line number="21" hits="1" branch="False" />
                <line number="23" hits="1" branch="False" />
                <line number="25" hits="1" branch="False" />
                <line number="27" hits="1" branch="False" />
                <line number="29" hits="1" branch="False" />
                <line number="31" hits="1" branch="False" />
              </lines>
            </method>
            <method name="TestEliminarProducto" signature="()" line-rate="0.6363" branch-rate="1" complexity="1">
              <lines>
                <line number="35" hits="1" branch="False" />
                <line number="36" hits="1" branch="False" />
                <line number="37" hits="1" branch="False" />
                <line number="39" hits="1" branch="False" />
                <line number="42" hits="1" branch="False" />
                <line number="43" hits="1" branch="False" />
                <line number="46" hits="1" branch="False" />
                <line number="49" hits="0" branch="False" />
                <line number="50" hits="0" branch="False" />
                <line number="51" hits="0" branch="False" />
                <line number="52" hits="0" branch="False" />
              </lines>
            </method>
          </methods>
          <lines>
            <line number="14" hits="1" branch="False" />
            <line number="16" hits="1" branch="False" />
            <line number="17" hits="1" branch="False" />
            <line number="21" hits="1" branch="False" />
            <line number="23" hits="1" branch="False" />
            <line number="25" hits="1" branch="False" />
            <line number="27" hits="1" branch="False" />
            <line number="29" hits="1" branch="False" />
            <line number="31" hits="1" branch="False" />
            <line number="35" hits="1" branch="False" />
            <line number="36" hits="1" branch="False" />
            <line number="37" hits="1" branch="False" />
            <line number="39" hits="1" branch="False" />
            <line number="42" hits="1" branch="False" />
            <line number="43" hits="1" branch="False" />
            <line number="46" hits="1" branch="False" />
            <line number="49" hits="0" branch="False" />
            <line number="50" hits="0" branch="False" />
            <line number="51" hits="0" branch="False" />
            <line number="52" hits="0" branch="False" />
          </lines>
        </class>
      </classes>
    </package>
  </packages>
</coverage>